TN:
SF:src/config.js
FN:45,readBooleanEnv
FN:51,readPositiveIntEnv
FN:58,getSupervisorSuggestMode
FN:62,getSupervisorMaxQueue
FN:68,getQuotaEnabled
FN:72,getQuotaPollInterval
FN:78,getScreenshotEnabled
FN:82,getScreenshotInterval
FN:86,getScreenshotMax
FNF:9
FNH:9
FNDA:12,readBooleanEnv
FNDA:34,readPositiveIntEnv
FNDA:1,getSupervisorSuggestMode
FNDA:23,getSupervisorMaxQueue
FNDA:9,getQuotaEnabled
FNDA:3,getQuotaPollInterval
FNDA:2,getScreenshotEnabled
FNDA:6,getScreenshotInterval
FNDA:2,getScreenshotMax
DA:12,14
DA:13,14
DA:16,14
DA:21,14
DA:24,14
DA:27,14
DA:31,14
DA:32,14
DA:33,14
DA:34,14
DA:35,14
DA:36,14
DA:40,14
DA:41,14
DA:42,14
DA:43,14
DA:46,12
DA:47,12
DA:48,3
DA:52,34
DA:53,34
DA:59,1
DA:63,23
DA:69,9
DA:73,3
DA:79,2
DA:83,6
DA:87,2
DA:92,14
LF:29
LH:29
BRDA:31,0,0,14
BRDA:31,0,1,13
BRDA:34,1,0,14
BRDA:34,1,1,14
BRDA:35,2,0,14
BRDA:35,2,1,13
BRDA:36,3,0,14
BRDA:36,3,1,13
BRDA:40,4,0,14
BRDA:40,4,1,14
BRDA:41,5,0,14
BRDA:41,5,1,14
BRDA:42,6,0,14
BRDA:42,6,1,14
BRDA:45,7,0,12
BRDA:46,8,0,12
BRDA:46,8,1,9
BRDA:47,9,0,9
BRDA:47,9,1,3
BRDA:48,10,0,3
BRDA:48,10,1,3
BRDA:48,10,2,2
BRDA:48,10,3,1
BRDA:52,11,0,34
BRDA:52,11,1,29
BRDA:53,12,0,4
BRDA:53,12,1,30
BRDA:53,13,0,34
BRDA:53,13,1,5
BRF:29
BRH:29
end_of_record
TN:
SF:src/quota-service.js
FN:39,clampPercentage
FN:44,asNumber
FN:49,buildStatusLabel
FN:55,buildQuotaBar
FN:62,normalizeModelName
FN:71,readFlagValue
FN:78,parseLanguageServerCommand
FN:98,parseListeningPort
FN:103,listProcessesLinux
FN:107,(anonymous_9)
FN:109,(anonymous_10)
FN:110,(anonymous_11)
FN:111,(anonymous_12)
FN:114,listProcessesWindows
FN:129,(anonymous_14)
FN:134,discoverLanguageServerProcesses
FN:141,getListeningPortsForPid
FN:157,(anonymous_17)
FN:160,(anonymous_18)
FN:169,(anonymous_19)
FN:170,(anonymous_20)
FN:171,(anonymous_21)
FN:182,(anonymous_22)
FN:183,(anonymous_23)
FN:186,(anonymous_24)
FN:189,getCsrfTokenCandidatePaths
FN:197,extractFallbackCsrfToken
FN:211,fetchQuotaPayload
FN:214,(anonymous_28)
FN:228,(anonymous_29)
FN:231,(anonymous_30)
FN:234,(anonymous_31)
FN:257,(anonymous_32)
FN:266,normalizeCreditBucket
FN:282,normalizeQuotaPayload
FN:293,(anonymous_35)
FN:325,(anonymous_36)
FN:328,(anonymous_37)
FN:331,(anonymous_38)
FN:372,buildUnavailableSummary
FN:402,(anonymous_40)
FN:410,(anonymous_41)
FN:414,(anonymous_42)
FN:418,(anonymous_43)
FN:420,(anonymous_44)
FN:425,(anonymous_45)
FN:435,(anonymous_46)
FN:439,(anonymous_47)
FN:442,(anonymous_48)
FN:449,(anonymous_49)
FN:466,(anonymous_50)
FN:480,(anonymous_51)
FN:501,(anonymous_52)
FN:521,(anonymous_53)
FN:527,(anonymous_54)
FN:569,(anonymous_55)
FN:572,(anonymous_56)
FN:573,(anonymous_57)
FN:574,(anonymous_58)
FN:582,(anonymous_59)
FNF:60
FNH:23
FNDA:22,clampPercentage
FNDA:13,asNumber
FNDA:4,buildStatusLabel
FNDA:6,buildQuotaBar
FNDA:6,normalizeModelName
FNDA:5,readFlagValue
FNDA:1,parseLanguageServerCommand
FNDA:0,parseListeningPort
FNDA:0,listProcessesLinux
FNDA:0,(anonymous_9)
FNDA:0,(anonymous_10)
FNDA:0,(anonymous_11)
FNDA:0,(anonymous_12)
FNDA:0,listProcessesWindows
FNDA:0,(anonymous_14)
FNDA:0,discoverLanguageServerProcesses
FNDA:0,getListeningPortsForPid
FNDA:0,(anonymous_17)
FNDA:0,(anonymous_18)
FNDA:0,(anonymous_19)
FNDA:0,(anonymous_20)
FNDA:0,(anonymous_21)
FNDA:0,(anonymous_22)
FNDA:0,(anonymous_23)
FNDA:0,(anonymous_24)
FNDA:0,getCsrfTokenCandidatePaths
FNDA:0,extractFallbackCsrfToken
FNDA:0,fetchQuotaPayload
FNDA:0,(anonymous_28)
FNDA:0,(anonymous_29)
FNDA:0,(anonymous_30)
FNDA:0,(anonymous_31)
FNDA:0,(anonymous_32)
FNDA:4,normalizeCreditBucket
FNDA:2,normalizeQuotaPayload
FNDA:4,(anonymous_35)
FNDA:2,(anonymous_36)
FNDA:4,(anonymous_37)
FNDA:4,(anonymous_38)
FNDA:5,buildUnavailableSummary
FNDA:4,(anonymous_40)
FNDA:3,(anonymous_41)
FNDA:2,(anonymous_42)
FNDA:0,(anonymous_43)
FNDA:0,(anonymous_44)
FNDA:0,(anonymous_45)
FNDA:2,(anonymous_46)
FNDA:1,(anonymous_47)
FNDA:2,(anonymous_48)
FNDA:3,(anonymous_49)
FNDA:0,(anonymous_50)
FNDA:0,(anonymous_51)
FNDA:0,(anonymous_52)
FNDA:2,(anonymous_53)
FNDA:2,(anonymous_54)
FNDA:0,(anonymous_55)
FNDA:0,(anonymous_56)
FNDA:0,(anonymous_57)
FNDA:0,(anonymous_58)
FNDA:0,(anonymous_59)
DA:20,1
DA:22,1
DA:23,1
DA:24,1
DA:26,1
DA:40,22
DA:41,22
DA:45,13
DA:46,13
DA:50,4
DA:51,2
DA:52,2
DA:56,6
DA:57,6
DA:58,6
DA:59,6
DA:63,6
DA:64,1
DA:65,0
DA:72,5
DA:75,5
DA:79,1
DA:80,1
DA:81,1
DA:82,1
DA:84,1
DA:99,0
DA:100,0
DA:104,0
DA:105,0
DA:107,0
DA:109,0
DA:110,0
DA:111,0
DA:115,0
DA:121,0
DA:126,0
DA:127,0
DA:128,0
DA:129,0
DA:130,0
DA:135,0
DA:136,0
DA:138,0
DA:142,0
DA:144,0
DA:145,0
DA:150,0
DA:155,0
DA:156,0
DA:157,0
DA:158,0
DA:160,0
DA:163,0
DA:165,0
DA:166,0
DA:167,0
DA:169,0
DA:170,0
DA:171,0
DA:173,0
DA:180,0
DA:182,0
DA:183,0
DA:186,0
DA:190,0
DA:198,0
DA:199,0
DA:200,0
DA:201,0
DA:202,0
DA:208,0
DA:212,0
DA:214,0
DA:215,0
DA:229,0
DA:230,0
DA:231,0
DA:232,0
DA:234,0
DA:235,0
DA:236,0
DA:239,0
DA:240,0
DA:241,0
DA:244,0
DA:245,0
DA:247,0
DA:257,0
DA:258,0
DA:260,0
DA:261,0
DA:262,0
DA:267,4
DA:268,4
DA:269,4
DA:270,4
DA:271,4
DA:272,4
DA:283,2
DA:284,2
DA:285,2
DA:286,2
DA:287,2
DA:288,2
DA:292,2
DA:294,4
DA:296,4
DA:300,4
DA:304,4
DA:307,4
DA:308,4
DA:310,4
DA:325,2
DA:327,2
DA:328,4
DA:330,2
DA:331,4
DA:333,2
DA:338,2
DA:344,2
DA:373,5
DA:403,4
DA:404,4
DA:405,4
DA:406,4
DA:407,4
DA:411,3
DA:415,2
DA:419,0
DA:420,0
DA:421,0
DA:426,0
DA:427,0
DA:428,0
DA:436,2
DA:439,1
DA:442,2
DA:450,3
DA:451,3
DA:453,3
DA:454,4
DA:455,3
DA:456,4
DA:457,4
DA:458,2
DA:462,3
DA:463,3
DA:467,0
DA:468,0
DA:469,0
DA:472,0
DA:473,0
DA:475,0
DA:476,0
DA:477,0
DA:480,0
DA:485,0
DA:487,0
DA:494,0
DA:495,0
DA:498,0
DA:502,0
DA:504,0
DA:505,0
DA:506,0
DA:507,0
DA:514,0
DA:518,0
DA:522,2
DA:523,2
DA:524,0
DA:527,2
DA:528,2
DA:529,2
DA:530,1
DA:532,1
DA:533,1
DA:534,1
DA:535,1
DA:542,1
DA:543,1
DA:544,1
DA:545,0
DA:547,1
DA:549,0
DA:553,0
DA:555,1
DA:556,1
DA:557,1
DA:558,0
DA:560,1
DA:562,2
DA:566,2
DA:570,0
DA:572,0
DA:573,0
DA:574,0
DA:577,0
DA:578,0
DA:583,0
DA:584,0
DA:585,0
DA:589,1
LF:204
LH:95
BRDA:40,0,0,0
BRDA:40,0,1,22
BRDA:44,1,0,13
BRDA:46,2,0,13
BRDA:46,2,1,0
BRDA:50,3,0,2
BRDA:50,3,1,2
BRDA:51,4,0,0
BRDA:51,4,1,2
BRDA:55,5,0,6
BRDA:62,6,0,6
BRDA:63,7,0,5
BRDA:63,7,1,1
BRDA:64,8,0,1
BRDA:64,8,1,0
BRDA:65,9,0,0
BRDA:65,9,1,0
BRDA:72,10,0,5
BRDA:72,10,1,0
BRDA:75,11,0,4
BRDA:75,11,1,1
BRDA:79,12,0,1
BRDA:79,12,1,0
BRDA:81,13,0,1
BRDA:81,13,1,0
BRDA:82,14,0,1
BRDA:82,14,1,0
BRDA:85,15,0,1
BRDA:85,15,1,0
BRDA:100,16,0,0
BRDA:100,16,1,0
BRDA:126,17,0,0
BRDA:126,17,1,0
BRDA:128,18,0,0
BRDA:128,18,1,0
BRDA:130,19,0,0
BRDA:130,19,1,0
BRDA:130,20,0,0
BRDA:130,20,1,0
BRDA:135,21,0,0
BRDA:135,21,1,0
BRDA:142,22,0,0
BRDA:142,22,1,0
BRDA:144,23,0,0
BRDA:144,23,1,0
BRDA:155,24,0,0
BRDA:155,24,1,0
BRDA:157,25,0,0
BRDA:157,25,1,0
BRDA:202,26,0,0
BRDA:202,26,1,0
BRDA:235,27,0,0
BRDA:235,27,1,0
BRDA:235,28,0,0
BRDA:235,28,1,0
BRDA:237,29,0,0
BRDA:237,29,1,0
BRDA:245,30,0,0
BRDA:245,30,1,0
BRDA:269,31,0,0
BRDA:269,31,1,4
BRDA:282,32,0,2
BRDA:284,33,0,2
BRDA:284,33,1,0
BRDA:285,34,0,2
BRDA:285,34,1,0
BRDA:286,35,0,2
BRDA:286,35,1,0
BRDA:287,36,0,2
BRDA:287,36,1,0
BRDA:288,37,0,2
BRDA:288,37,1,0
BRDA:294,38,0,4
BRDA:294,38,1,0
BRDA:296,39,0,4
BRDA:296,39,1,0
BRDA:296,39,2,0
BRDA:296,39,3,0
BRDA:308,40,0,4
BRDA:308,40,1,0
BRDA:319,41,0,4
BRDA:319,41,1,0
BRDA:348,42,0,2
BRDA:348,42,1,0
BRDA:349,43,0,2
BRDA:349,43,1,0
BRDA:350,44,0,2
BRDA:350,44,1,0
BRDA:352,45,0,2
BRDA:352,45,1,0
BRDA:353,46,0,2
BRDA:353,46,1,0
BRDA:354,47,0,2
BRDA:354,47,1,0
BRDA:355,48,0,2
BRDA:355,48,1,0
BRDA:365,49,0,2
BRDA:365,49,1,0
BRDA:372,50,0,5
BRDA:438,51,0,2
BRDA:438,51,1,0
BRDA:441,52,0,2
BRDA:441,52,1,0
BRDA:454,53,0,1
BRDA:454,53,1,3
BRDA:455,54,0,3
BRDA:455,54,1,0
BRDA:457,55,0,2
BRDA:457,55,1,2
BRDA:468,56,0,0
BRDA:468,56,1,0
BRDA:480,57,0,0
BRDA:480,57,1,0
BRDA:485,58,0,0
BRDA:485,58,1,0
BRDA:489,59,0,0
BRDA:489,59,1,0
BRDA:494,60,0,0
BRDA:494,60,1,0
BRDA:518,61,0,0
BRDA:518,61,1,0
BRDA:521,62,0,2
BRDA:522,63,0,2
BRDA:523,64,0,0
BRDA:523,64,1,2
BRDA:544,65,0,0
BRDA:544,65,1,1
BRDA:553,66,0,0
BRDA:553,66,1,0
BRDA:557,67,0,0
BRDA:557,67,1,1
BRDA:570,68,0,0
BRDA:570,68,1,0
BRDA:570,69,0,0
BRDA:570,69,1,0
BRDA:577,70,0,0
BRDA:577,70,1,0
BRDA:583,71,0,0
BRDA:583,71,1,0
BRF:139
BRH:50
end_of_record
TN:
SF:src/screenshot-timeline.js
FN:26,normalizeMimeType
FN:33,inferExtension
FN:39,inferMimeType
FN:46,isImageFile
FN:50,safeTimestamp
FN:54,formatBytes
FN:61,sortEntries
FN:64,(anonymous_7)
FN:67,toPublicEntry
FN:75,fileExists
FN:96,(anonymous_10)
FN:103,(anonymous_11)
FN:114,(anonymous_12)
FN:128,(anonymous_13)
FN:162,(anonymous_14)
FN:163,(anonymous_15)
FN:168,(anonymous_16)
FN:183,(anonymous_17)
FN:191,(anonymous_18)
FN:207,(anonymous_19)
FN:209,(anonymous_20)
FN:214,(anonymous_21)
FN:225,(anonymous_22)
FN:231,(anonymous_23)
FN:236,(anonymous_24)
FN:281,(anonymous_25)
FN:307,(anonymous_26)
FN:332,(anonymous_27)
FN:355,(anonymous_28)
FN:368,(anonymous_29)
FN:369,(anonymous_30)
FN:370,(anonymous_31)
FN:375,(anonymous_32)
FN:382,(anonymous_33)
FN:384,(anonymous_34)
FN:387,(anonymous_35)
FN:405,(anonymous_36)
FN:409,(anonymous_37)
FNF:38
FNH:20
FNDA:7,normalizeMimeType
FNDA:7,inferExtension
FNDA:0,inferMimeType
FNDA:0,isImageFile
FNDA:7,safeTimestamp
FNDA:32,formatBytes
FNDA:15,sortEntries
FNDA:4,(anonymous_7)
FNDA:32,toPublicEntry
FNDA:0,fileExists
FNDA:5,(anonymous_10)
FNDA:0,(anonymous_11)
FNDA:11,(anonymous_12)
FNDA:4,(anonymous_13)
FNDA:4,(anonymous_14)
FNDA:0,(anonymous_15)
FNDA:0,(anonymous_16)
FNDA:12,(anonymous_17)
FNDA:24,(anonymous_18)
FNDA:0,(anonymous_19)
FNDA:0,(anonymous_20)
FNDA:3,(anonymous_21)
FNDA:11,(anonymous_22)
FNDA:0,(anonymous_23)
FNDA:7,(anonymous_24)
FNDA:4,(anonymous_25)
FNDA:2,(anonymous_26)
FNDA:3,(anonymous_27)
FNDA:0,(anonymous_28)
FNDA:0,(anonymous_29)
FNDA:0,(anonymous_30)
FNDA:0,(anonymous_31)
FNDA:0,(anonymous_32)
FNDA:0,(anonymous_33)
FNDA:0,(anonymous_34)
FNDA:0,(anonymous_35)
FNDA:1,(anonymous_36)
FNDA:0,(anonymous_37)
DA:22,1
DA:23,1
DA:24,1
DA:27,7
DA:28,7
DA:29,7
DA:30,7
DA:34,7
DA:35,7
DA:36,7
DA:40,0
DA:41,0
DA:42,0
DA:43,0
DA:47,0
DA:51,7
DA:55,32
DA:56,32
DA:57,0
DA:58,0
DA:62,15
DA:64,4
DA:68,32
DA:76,0
DA:77,0
DA:78,0
DA:80,0
DA:97,5
DA:98,5
DA:99,5
DA:100,5
DA:101,5
DA:102,5
DA:103,5
DA:104,5
DA:105,5
DA:106,5
DA:107,5
DA:108,5
DA:109,5
DA:110,5
DA:111,5
DA:115,11
DA:116,7
DA:119,4
DA:120,4
DA:121,4
DA:122,4
DA:123,4
DA:124,4
DA:125,4
DA:129,4
DA:130,4
DA:131,4
DA:132,0
DA:133,0
DA:134,0
DA:137,4
DA:140,4
DA:141,4
DA:142,4
DA:143,0
DA:144,0
DA:145,0
DA:146,0
DA:147,0
DA:158,4
DA:159,4
DA:163,4
DA:164,4
DA:165,4
DA:166,0
DA:167,0
DA:168,0
DA:169,0
DA:170,0
DA:180,4
DA:184,12
DA:188,12
DA:192,24
DA:193,24
DA:208,0
DA:209,0
DA:210,0
DA:215,3
DA:216,3
DA:217,0
DA:218,0
DA:226,11
DA:227,11
DA:228,1
DA:229,1
DA:230,1
DA:231,1
DA:233,11
DA:244,7
DA:246,7
DA:247,7
DA:248,0
DA:251,7
DA:252,7
DA:253,0
DA:261,7
DA:262,7
DA:263,7
DA:264,7
DA:265,7
DA:266,7
DA:268,7
DA:271,7
DA:281,7
DA:282,7
DA:283,7
DA:284,7
DA:285,7
DA:286,7
DA:289,7
DA:290,7
DA:292,7
DA:293,2
DA:299,7
DA:308,2
DA:309,2
DA:310,0
DA:313,2
DA:318,2
DA:319,0
DA:322,2
DA:323,0
DA:333,3
DA:334,3
DA:335,0
DA:337,3
DA:338,1
DA:341,2
DA:342,2
DA:348,0
DA:349,0
DA:350,0
DA:351,0
DA:356,0
DA:357,0
DA:359,0
DA:360,0
DA:363,0
DA:364,0
DA:365,0
DA:368,0
DA:369,0
DA:370,0
DA:372,0
DA:376,0
DA:377,0
DA:378,0
DA:383,0
DA:384,0
DA:388,0
DA:389,0
DA:390,0
DA:391,0
DA:394,0
DA:395,0
DA:396,0
DA:399,0
DA:406,1
DA:407,1
DA:408,1
DA:409,1
DA:412,1
DA:413,1
DA:414,1
DA:415,1
DA:416,1
DA:417,1
DA:418,1
DA:420,1
DA:428,1
LF:177
LH:114
BRDA:26,0,0,7
BRDA:27,1,0,7
BRDA:27,1,1,0
BRDA:28,2,0,0
BRDA:28,2,1,7
BRDA:29,3,0,0
BRDA:29,3,1,7
BRDA:34,4,0,0
BRDA:34,4,1,7
BRDA:35,5,0,0
BRDA:35,5,1,7
BRDA:41,6,0,0
BRDA:41,6,1,0
BRDA:42,7,0,0
BRDA:42,7,1,0
BRDA:50,8,0,7
BRDA:55,9,0,32
BRDA:55,9,1,0
BRDA:56,10,0,32
BRDA:56,10,1,0
BRDA:57,11,0,0
BRDA:57,11,1,0
BRDA:96,12,0,5
BRDA:97,13,0,5
BRDA:97,13,1,1
BRDA:98,14,0,5
BRDA:98,14,1,5
BRDA:99,15,0,5
BRDA:99,15,1,1
BRDA:100,16,0,5
BRDA:100,16,1,1
BRDA:101,17,0,5
BRDA:101,17,1,1
BRDA:102,18,0,5
BRDA:102,18,1,4
BRDA:103,19,0,5
BRDA:103,19,1,0
BRDA:115,20,0,7
BRDA:115,20,1,4
BRDA:132,21,0,0
BRDA:132,21,1,0
BRDA:134,22,0,0
BRDA:134,22,1,0
BRDA:140,23,0,4
BRDA:140,23,1,4
BRDA:143,24,0,0
BRDA:143,24,1,0
BRDA:146,25,0,0
BRDA:146,25,1,0
BRDA:149,26,0,0
BRDA:149,26,1,0
BRDA:150,27,0,0
BRDA:150,27,1,0
BRDA:151,28,0,0
BRDA:151,28,1,0
BRDA:152,29,0,0
BRDA:152,29,1,0
BRDA:153,30,0,0
BRDA:153,30,1,0
BRDA:154,31,0,0
BRDA:154,31,1,0
BRDA:159,32,0,4
BRDA:159,32,1,4
BRDA:166,33,0,0
BRDA:166,33,1,0
BRDA:169,34,0,0
BRDA:169,34,1,0
BRDA:214,35,0,3
BRDA:229,36,0,0
BRDA:229,36,1,1
BRDA:236,37,0,7
BRDA:238,38,0,7
BRDA:239,39,0,7
BRDA:240,40,0,7
BRDA:241,41,0,7
BRDA:242,42,0,7
BRDA:246,43,0,7
BRDA:246,43,1,0
BRDA:247,44,0,0
BRDA:247,44,1,7
BRDA:251,45,0,7
BRDA:251,45,1,0
BRDA:252,46,0,0
BRDA:252,46,1,7
BRDA:252,47,0,7
BRDA:252,47,1,2
BRDA:252,47,2,2
BRDA:274,48,0,7
BRDA:274,48,1,0
BRDA:285,49,0,7
BRDA:285,49,1,0
BRDA:292,50,0,2
BRDA:292,50,1,5
BRDA:307,51,0,2
BRDA:307,52,0,2
BRDA:307,53,0,2
BRDA:309,54,0,0
BRDA:309,54,1,2
BRDA:318,55,0,0
BRDA:318,55,1,2
BRDA:319,56,0,0
BRDA:319,56,1,0
BRDA:322,57,0,2
BRDA:322,57,1,0
BRDA:325,58,0,0
BRDA:325,58,1,0
BRDA:333,59,0,3
BRDA:333,59,1,0
BRDA:334,60,0,0
BRDA:334,60,1,3
BRDA:337,61,0,1
BRDA:337,61,1,2
BRDA:355,62,0,0
BRDA:356,63,0,0
BRDA:356,63,1,0
BRDA:359,64,0,0
BRDA:359,64,1,0
BRDA:364,65,0,0
BRDA:364,65,1,0
BRDA:376,66,0,0
BRDA:376,66,1,0
BRDA:383,67,0,0
BRDA:383,67,1,0
BRDA:384,68,0,0
BRDA:384,68,1,0
BRDA:390,69,0,0
BRDA:390,69,1,0
BRDA:395,70,0,0
BRDA:395,70,1,0
BRF:129
BRH:58
end_of_record
TN:
SF:src/session-stats.js
FN:23,(anonymous_0)
FN:28,(anonymous_1)
FN:61,(anonymous_2)
FN:70,(anonymous_3)
FN:88,(anonymous_4)
FN:104,(anonymous_5)
FN:108,(anonymous_6)
FN:118,(anonymous_7)
FN:123,(anonymous_8)
FN:131,(anonymous_9)
FN:146,(anonymous_10)
FN:148,(anonymous_11)
FN:153,(anonymous_12)
FNF:13
FNH:13
FNDA:9,(anonymous_0)
FNDA:10,(anonymous_1)
FNDA:7,(anonymous_2)
FNDA:61,(anonymous_3)
FNDA:120,(anonymous_4)
FNDA:406,(anonymous_5)
FNDA:203,(anonymous_6)
FNDA:203,(anonymous_7)
FNDA:203,(anonymous_8)
FNDA:203,(anonymous_9)
FNDA:1,(anonymous_10)
FNDA:1,(anonymous_11)
FNDA:198,(anonymous_12)
DA:24,9
DA:25,9
DA:29,10
DA:30,10
DA:31,10
DA:32,10
DA:33,10
DA:56,10
DA:57,10
DA:58,10
DA:62,7
DA:63,0
DA:65,7
DA:66,7
DA:67,7
DA:71,61
DA:76,61
DA:77,0
DA:79,61
DA:80,61
DA:81,10
DA:83,61
DA:84,61
DA:85,61
DA:89,120
DA:93,120
DA:94,120
DA:96,120
DA:97,120
DA:98,20
DA:100,120
DA:101,120
DA:105,406
DA:109,203
DA:110,203
DA:111,203
DA:112,203
DA:113,203
DA:114,203
DA:115,203
DA:119,203
DA:120,203
DA:124,203
DA:125,203
DA:132,203
DA:147,1
DA:148,1
DA:149,1
DA:154,198
DA:155,198
DA:156,1
DA:157,1
DA:165,1
LF:53
LH:51
BRDA:28,0,0,10
BRDA:61,1,0,7
BRDA:62,2,0,0
BRDA:62,2,1,7
BRDA:72,3,0,61
BRDA:72,3,1,0
BRDA:73,4,0,61
BRDA:73,4,1,0
BRDA:76,5,0,0
BRDA:76,5,1,61
BRDA:80,6,0,10
BRDA:80,6,1,51
BRDA:90,7,0,120
BRDA:90,7,1,0
BRDA:93,8,0,120
BRDA:93,8,1,0
BRDA:97,9,0,20
BRDA:97,9,1,100
BRDA:113,10,0,0
BRDA:113,10,1,203
BRDA:114,11,0,0
BRDA:114,11,1,203
BRDA:119,12,0,203
BRDA:119,12,1,203
BRDA:124,13,0,203
BRDA:124,13,1,198
BRF:26
BRH:18
end_of_record
TN:
SF:src/supervisor.js
FN:25,normalizeBaseUrl
FN:35,buildChatCompletionsUrl
FN:43,extractText
FN:50,(anonymous_3)
FN:73,extractCompletionText
FN:90,extractPendingCommand
FN:109,evaluateCommandHeuristics
FN:144,(anonymous_7)
FN:180,(anonymous_8)
FN:191,normalizeCommandSignature
FN:199,trimConversation
FN:206,summarizeTopQuotaModel
FN:215,buildLocalAssistReply
FN:289,extractAssistActions
FN:295,(anonymous_14)
FN:337,toSuggestionItem
FN:365,(anonymous_16)
FN:376,(anonymous_17)
FN:380,(anonymous_18)
FN:392,(anonymous_19)
FN:406,(anonymous_20)
FN:409,(anonymous_21)
FN:438,(anonymous_22)
FN:440,(anonymous_23)
FN:452,(anonymous_24)
FN:454,(anonymous_25)
FN:466,(anonymous_26)
FN:468,(anonymous_27)
FN:476,(anonymous_28)
FN:479,(anonymous_29)
FN:485,(anonymous_30)
FN:489,(anonymous_31)
FN:490,(anonymous_32)
FN:496,(anonymous_33)
FN:499,(anonymous_34)
FN:500,(anonymous_35)
FN:501,(anonymous_36)
FN:507,(anonymous_37)
FN:509,(anonymous_38)
FN:515,(anonymous_39)
FN:526,(anonymous_40)
FN:528,(anonymous_41)
FN:537,(anonymous_42)
FN:551,(anonymous_43)
FN:566,(anonymous_44)
FN:573,(anonymous_45)
FN:589,(anonymous_46)
FN:590,(anonymous_47)
FN:593,(anonymous_48)
FN:601,(anonymous_49)
FN:636,(anonymous_50)
FN:653,(anonymous_51)
FN:671,(anonymous_52)
FN:688,(anonymous_53)
FN:717,(anonymous_54)
FN:764,(anonymous_55)
FN:806,(anonymous_56)
FNF:57
FNH:39
FNDA:12,normalizeBaseUrl
FNDA:6,buildChatCompletionsUrl
FNDA:0,extractText
FNDA:0,(anonymous_3)
FNDA:0,extractCompletionText
FNDA:4,extractPendingCommand
FNDA:8,evaluateCommandHeuristics
FNDA:163,(anonymous_7)
FNDA:73,(anonymous_8)
FNDA:6,normalizeCommandSignature
FNDA:2,trimConversation
FNDA:1,summarizeTopQuotaModel
FNDA:2,buildLocalAssistReply
FNDA:2,extractAssistActions
FNDA:4,(anonymous_14)
FNDA:11,toSuggestionItem
FNDA:6,(anonymous_16)
FNDA:20,(anonymous_17)
FNDA:15,(anonymous_18)
FNDA:5,(anonymous_19)
FNDA:6,(anonymous_20)
FNDA:1,(anonymous_21)
FNDA:1,(anonymous_22)
FNDA:1,(anonymous_23)
FNDA:1,(anonymous_24)
FNDA:1,(anonymous_25)
FNDA:1,(anonymous_26)
FNDA:1,(anonymous_27)
FNDA:0,(anonymous_28)
FNDA:0,(anonymous_29)
FNDA:1,(anonymous_30)
FNDA:0,(anonymous_31)
FNDA:1,(anonymous_32)
FNDA:1,(anonymous_33)
FNDA:1,(anonymous_34)
FNDA:0,(anonymous_35)
FNDA:1,(anonymous_36)
FNDA:4,(anonymous_37)
FNDA:4,(anonymous_38)
FNDA:0,(anonymous_39)
FNDA:0,(anonymous_40)
FNDA:0,(anonymous_41)
FNDA:8,(anonymous_42)
FNDA:6,(anonymous_43)
FNDA:0,(anonymous_44)
FNDA:0,(anonymous_45)
FNDA:5,(anonymous_46)
FNDA:8,(anonymous_47)
FNDA:1,(anonymous_48)
FNDA:0,(anonymous_49)
FNDA:0,(anonymous_50)
FNDA:0,(anonymous_51)
FNDA:0,(anonymous_52)
FNDA:0,(anonymous_53)
FNDA:3,(anonymous_54)
FNDA:2,(anonymous_55)
FNDA:0,(anonymous_56)
DA:11,1
DA:14,1
DA:15,1
DA:18,1
DA:19,1
DA:26,12
DA:27,12
DA:28,12
DA:36,6
DA:44,0
DA:45,0
DA:48,0
DA:49,0
DA:50,0
DA:56,0
DA:57,0
DA:58,0
DA:61,0
DA:62,0
DA:66,0
DA:74,0
DA:75,0
DA:76,0
DA:78,0
DA:79,0
DA:81,0
DA:91,4
DA:96,4
DA:97,4
DA:99,4
DA:110,8
DA:111,8
DA:144,163
DA:145,3
DA:148,5
DA:180,73
DA:181,4
DA:184,1
DA:192,6
DA:200,2
DA:201,2
DA:203,0
DA:207,1
DA:208,0
DA:211,1
DA:212,1
DA:216,2
DA:217,2
DA:218,2
DA:219,2
DA:220,2
DA:221,2
DA:222,2
DA:223,2
DA:224,2
DA:226,2
DA:230,1
DA:235,2
DA:236,1
DA:237,1
DA:238,1
DA:242,1
DA:243,1
DA:244,1
DA:245,1
DA:249,2
DA:250,1
DA:251,1
DA:252,0
DA:254,1
DA:257,2
DA:258,0
DA:259,0
DA:263,0
DA:265,0
DA:268,2
DA:269,0
DA:270,0
DA:273,2
DA:274,0
DA:277,0
DA:278,0
DA:280,0
DA:281,0
DA:283,0
DA:286,2
DA:290,2
DA:291,2
DA:292,2
DA:293,2
DA:295,2
DA:296,4
DA:297,4
DA:298,4
DA:301,2
DA:302,4
DA:303,4
DA:304,0
DA:307,4
DA:308,1
DA:309,3
DA:310,1
DA:311,2
DA:312,1
DA:313,1
DA:314,1
DA:315,0
DA:316,0
DA:317,0
DA:318,0
DA:322,2
DA:327,2
DA:338,11
DA:339,11
DA:340,11
DA:366,6
DA:367,6
DA:368,6
DA:371,6
DA:377,20
DA:381,15
DA:382,15
DA:383,15
DA:384,10
DA:385,7
DA:386,1
DA:387,1
DA:388,1
DA:393,5
DA:394,5
DA:395,0
DA:396,0
DA:397,0
DA:407,6
DA:408,6
DA:409,6
DA:410,6
DA:411,1
DA:414,5
DA:415,5
DA:428,6
DA:429,6
DA:430,6
DA:431,6
DA:439,1
DA:440,1
DA:441,1
DA:442,1
DA:443,1
DA:444,1
DA:445,1
DA:453,1
DA:454,1
DA:455,1
DA:456,1
DA:457,1
DA:458,1
DA:459,1
DA:467,1
DA:468,1
DA:469,1
DA:477,0
DA:478,0
DA:479,0
DA:486,1
DA:487,1
DA:489,0
DA:490,1
DA:497,1
DA:498,1
DA:499,1
DA:500,0
DA:501,1
DA:508,4
DA:509,4
DA:516,0
DA:517,0
DA:518,0
DA:519,0
DA:527,0
DA:528,0
DA:529,0
DA:538,8
DA:539,0
DA:540,0
DA:548,1
DA:552,6
DA:553,6
DA:556,6
DA:557,6
DA:558,6
DA:559,6
DA:560,6
DA:563,6
DA:567,0
DA:574,0
DA:575,0
DA:590,8
DA:594,1
DA:602,0
DA:635,0
DA:636,0
DA:637,0
DA:638,0
DA:641,0
DA:642,0
DA:643,0
DA:645,0
DA:654,0
DA:670,0
DA:671,0
DA:672,0
DA:673,0
DA:676,0
DA:677,0
DA:678,0
DA:679,0
DA:681,0
DA:689,0
DA:690,0
DA:692,0
DA:693,0
DA:701,0
DA:702,0
DA:710,0
DA:718,3
DA:719,3
DA:721,3
DA:722,1
DA:732,2
DA:733,1
DA:743,1
DA:744,1
DA:745,1
DA:753,0
DA:765,2
DA:766,2
DA:767,0
DA:775,2
DA:780,2
DA:782,2
DA:783,2
DA:785,2
DA:786,0
DA:787,0
DA:788,0
DA:789,0
DA:804,0
DA:806,0
DA:811,0
DA:813,0
DA:818,0
DA:821,2
DA:824,2
DA:825,2
DA:833,2
DA:834,2
DA:836,2
DA:845,1
LF:259
LH:165
BRDA:11,0,0,1
BRDA:11,0,1,1
BRDA:11,0,2,1
BRDA:14,1,0,1
BRDA:14,1,1,1
BRDA:15,2,0,1
BRDA:15,2,1,1
BRDA:15,2,2,1
BRDA:18,3,0,1
BRDA:18,3,1,1
BRDA:26,4,0,12
BRDA:26,4,1,0
BRDA:27,5,0,0
BRDA:27,5,1,12
BRDA:28,6,0,12
BRDA:28,6,1,0
BRDA:44,7,0,0
BRDA:44,7,1,0
BRDA:48,8,0,0
BRDA:48,8,1,0
BRDA:56,9,0,0
BRDA:56,9,1,0
BRDA:56,10,0,0
BRDA:56,10,1,0
BRDA:57,11,0,0
BRDA:57,11,1,0
BRDA:57,12,0,0
BRDA:57,12,1,0
BRDA:61,13,0,0
BRDA:61,13,1,0
BRDA:74,14,0,0
BRDA:74,14,1,0
BRDA:75,15,0,0
BRDA:75,15,1,0
BRDA:75,15,2,0
BRDA:76,16,0,0
BRDA:76,16,1,0
BRDA:78,17,0,0
BRDA:78,17,1,0
BRDA:78,17,2,0
BRDA:79,18,0,0
BRDA:79,18,1,0
BRDA:97,19,0,0
BRDA:97,19,1,4
BRDA:144,20,0,3
BRDA:144,20,1,5
BRDA:180,21,0,4
BRDA:180,21,1,1
BRDA:192,22,0,6
BRDA:192,22,1,0
BRDA:199,23,0,2
BRDA:200,24,0,2
BRDA:200,24,1,0
BRDA:200,25,0,2
BRDA:200,25,1,2
BRDA:201,26,0,2
BRDA:201,26,1,0
BRDA:207,27,0,0
BRDA:207,27,1,1
BRDA:207,28,0,1
BRDA:207,28,1,1
BRDA:207,28,2,1
BRDA:215,29,0,2
BRDA:216,30,0,2
BRDA:216,30,1,0
BRDA:217,31,0,2
BRDA:217,31,1,0
BRDA:218,32,0,2
BRDA:218,32,1,0
BRDA:219,33,0,2
BRDA:219,33,1,0
BRDA:220,34,0,2
BRDA:220,34,1,1
BRDA:221,35,0,1
BRDA:221,35,1,1
BRDA:222,36,0,2
BRDA:222,36,1,1
BRDA:223,37,0,0
BRDA:223,37,1,2
BRDA:226,38,0,1
BRDA:226,38,1,1
BRDA:227,39,0,2
BRDA:227,39,1,1
BRDA:231,40,0,1
BRDA:231,40,1,0
BRDA:231,41,0,1
BRDA:231,41,1,1
BRDA:231,42,0,1
BRDA:231,42,1,1
BRDA:231,43,0,1
BRDA:231,43,1,1
BRDA:235,44,0,1
BRDA:235,44,1,1
BRDA:235,45,0,2
BRDA:235,45,1,1
BRDA:237,46,0,1
BRDA:237,46,1,0
BRDA:242,47,0,1
BRDA:242,47,1,0
BRDA:249,48,0,1
BRDA:249,48,1,1
BRDA:249,49,0,2
BRDA:249,49,1,2
BRDA:251,50,0,0
BRDA:251,50,1,1
BRDA:257,51,0,0
BRDA:257,51,1,2
BRDA:258,52,0,0
BRDA:258,52,1,0
BRDA:268,53,0,0
BRDA:268,53,1,2
BRDA:273,54,0,0
BRDA:273,54,1,2
BRDA:277,55,0,0
BRDA:277,55,1,0
BRDA:280,56,0,0
BRDA:280,56,1,0
BRDA:289,57,0,2
BRDA:290,58,0,2
BRDA:290,58,1,0
BRDA:293,59,0,2
BRDA:293,59,1,1
BRDA:296,60,0,0
BRDA:296,60,1,4
BRDA:296,61,0,4
BRDA:296,61,1,4
BRDA:302,62,0,4
BRDA:302,62,1,0
BRDA:303,63,0,0
BRDA:303,63,1,4
BRDA:303,64,0,4
BRDA:303,64,1,3
BRDA:303,64,2,2
BRDA:307,65,0,1
BRDA:307,65,1,3
BRDA:309,66,0,1
BRDA:309,66,1,2
BRDA:311,67,0,1
BRDA:311,67,1,1
BRDA:313,68,0,1
BRDA:313,68,1,0
BRDA:315,69,0,0
BRDA:315,69,1,0
BRDA:317,70,0,0
BRDA:317,70,1,0
BRDA:322,71,0,2
BRDA:322,71,1,0
BRDA:328,72,0,2
BRDA:328,72,1,0
BRDA:365,73,0,6
BRDA:368,74,0,5
BRDA:368,74,1,1
BRDA:368,75,0,6
BRDA:368,75,1,5
BRDA:371,76,0,5
BRDA:371,76,1,1
BRDA:371,77,0,6
BRDA:371,77,1,5
BRDA:384,78,0,3
BRDA:384,78,1,7
BRDA:385,79,0,6
BRDA:385,79,1,1
BRDA:396,80,0,0
BRDA:396,80,1,0
BRDA:409,81,0,1
BRDA:409,81,1,1
BRDA:410,82,0,1
BRDA:410,82,1,5
BRDA:418,83,0,5
BRDA:418,83,1,0
BRDA:419,84,0,6
BRDA:419,84,1,0
BRDA:420,85,0,6
BRDA:420,85,1,5
BRDA:421,86,0,6
BRDA:421,86,1,5
BRDA:440,87,0,1
BRDA:440,87,1,1
BRDA:441,88,0,0
BRDA:441,88,1,1
BRDA:454,89,0,1
BRDA:454,89,1,1
BRDA:455,90,0,0
BRDA:455,90,1,1
BRDA:469,91,0,1
BRDA:469,91,1,0
BRDA:479,92,0,0
BRDA:479,92,1,0
BRDA:554,93,0,6
BRDA:554,93,1,6
BRDA:554,93,2,6
BRDA:560,94,0,6
BRDA:560,94,1,0
BRDA:560,95,0,6
BRDA:560,95,1,6
BRDA:625,96,0,0
BRDA:625,96,1,0
BRDA:635,97,0,0
BRDA:635,97,1,0
BRDA:637,98,0,0
BRDA:637,98,1,0
BRDA:648,99,0,0
BRDA:648,99,1,0
BRDA:670,100,0,0
BRDA:670,100,1,0
BRDA:672,101,0,0
BRDA:672,101,1,0
BRDA:678,102,0,0
BRDA:678,102,1,0
BRDA:692,103,0,0
BRDA:692,103,1,0
BRDA:701,104,0,0
BRDA:701,104,1,0
BRDA:721,105,0,1
BRDA:721,105,1,2
BRDA:732,106,0,1
BRDA:732,106,1,1
BRDA:747,107,0,0
BRDA:747,107,1,1
BRDA:748,108,0,0
BRDA:748,108,1,1
BRDA:764,109,0,2
BRDA:765,110,0,2
BRDA:765,110,1,0
BRDA:766,111,0,0
BRDA:766,111,1,2
BRDA:785,112,0,0
BRDA:785,112,1,2
BRDA:787,113,0,0
BRDA:787,113,1,0
BRDA:788,114,0,0
BRDA:788,114,1,0
BRDA:796,115,0,0
BRDA:796,115,1,0
BRDA:797,116,0,0
BRDA:797,116,1,0
BRDA:798,117,0,0
BRDA:798,117,1,0
BRDA:799,118,0,0
BRDA:799,118,1,0
BRDA:800,119,0,0
BRDA:800,119,1,0
BRF:242
BRH:132
end_of_record
TN:
SF:src/utils/hash.js
FN:14,hashString
FNF:1
FNH:1
FNDA:13,hashString
DA:15,13
DA:16,13
DA:17,240
DA:18,240
DA:19,240
DA:21,13
LF:6
LH:6
BRF:0
BRH:0
end_of_record
TN:
SF:src/utils/network.js
FN:16,getLocalIP
FN:35,(anonymous_1)
FN:46,isLocalRequest
FN:72,getJson
FN:73,(anonymous_4)
FN:74,(anonymous_5)
FN:76,(anonymous_6)
FN:77,(anonymous_7)
FNF:8
FNH:8
FNDA:2,getLocalIP
FNDA:1,(anonymous_1)
FNDA:3,isLocalRequest
FNDA:1,getJson
FNDA:1,(anonymous_4)
FNDA:1,(anonymous_5)
FNDA:1,(anonymous_6)
FNDA:1,(anonymous_7)
DA:17,2
DA:19,2
DA:21,2
DA:22,3
DA:23,3
DA:24,2
DA:35,2
DA:36,2
DA:48,3
DA:49,1
DA:52,2
DA:54,3
DA:73,1
DA:74,1
DA:75,1
DA:76,1
DA:77,1
DA:78,1
DA:79,0
LF:19
LH:18
BRDA:22,0,0,3
BRDA:22,0,1,0
BRDA:23,1,0,2
BRDA:23,1,1,1
BRDA:23,2,0,3
BRDA:23,2,1,3
BRDA:27,3,0,1
BRDA:27,3,1,1
BRDA:28,4,0,0
BRDA:28,4,1,1
BRDA:29,5,0,1
BRDA:29,5,1,0
BRDA:36,6,0,1
BRDA:36,6,1,1
BRDA:48,7,0,1
BRDA:48,7,1,2
BRDA:48,8,0,3
BRDA:48,8,1,2
BRDA:48,8,2,2
BRDA:52,9,0,2
BRDA:52,9,1,0
BRDA:52,9,2,0
BRDA:54,10,0,3
BRDA:54,10,1,2
BRDA:54,10,2,2
BRDA:54,10,3,2
BRDA:54,10,4,2
BRDA:54,10,5,1
BRDA:54,10,6,1
BRDA:54,10,7,1
BRDA:54,10,8,1
BRDA:54,10,9,1
BRDA:54,10,10,1
BRDA:54,10,11,1
BRDA:54,10,12,1
BRF:35
BRH:30
end_of_record
TN:
SF:src/utils/telegram.js
FN:64,ensureBotLoaded
FN:105,isRateLimited
FN:125,getThreadId
FN:139,setThreadId
FN:153,sendTelegramNotification
FN:168,sendViaBotApi
FN:212,sendViaWebhook
FN:244,sendTypedNotification
FN:260,sendActionRequired
FN:272,sendSuggestionRequired
FN:291,buildQuotaBar
FN:297,formatQuotaReset
FN:304,formatQuotaMessage
FN:354,registerCommandHandlers
FN:357,(anonymous_14)
FN:374,(anonymous_15)
FN:390,(anonymous_16)
FN:417,(anonymous_17)
FN:444,(anonymous_18)
FN:461,(anonymous_19)
FN:479,(anonymous_20)
FN:497,(anonymous_21)
FN:518,(anonymous_22)
FN:521,(anonymous_23)
FN:524,(anonymous_24)
FN:541,registerCallbackHandlers
FN:544,(anonymous_26)
FN:634,(anonymous_27)
FN:666,registerTelegramHooks
FN:681,initTelegramBot
FN:688,isBotActive
FN:695,getNotificationToggles
FN:702,stopBot
FNF:33
FNH:31
FNDA:9,ensureBotLoaded
FNDA:6,isRateLimited
FNDA:4,getThreadId
FNDA:4,setThreadId
FNDA:8,sendTelegramNotification
FNDA:6,sendViaBotApi
FNDA:1,sendViaWebhook
FNDA:5,sendTypedNotification
FNDA:1,sendActionRequired
FNDA:1,sendSuggestionRequired
FNDA:1,buildQuotaBar
FNDA:1,formatQuotaReset
FNDA:1,formatQuotaMessage
FNDA:9,registerCommandHandlers
FNDA:0,(anonymous_14)
FNDA:0,(anonymous_15)
FNDA:1,(anonymous_16)
FNDA:1,(anonymous_17)
FNDA:1,(anonymous_18)
FNDA:1,(anonymous_19)
FNDA:1,(anonymous_20)
FNDA:1,(anonymous_21)
FNDA:1,(anonymous_22)
FNDA:8,(anonymous_23)
FNDA:8,(anonymous_24)
FNDA:9,registerCallbackHandlers
FNDA:5,(anonymous_26)
FNDA:8,(anonymous_27)
FNDA:3,registerTelegramHooks
FNDA:9,initTelegramBot
FNDA:2,isBotActive
FNDA:1,getNotificationToggles
FNDA:1,stopBot
DA:18,12
DA:19,12
DA:20,12
DA:21,12
DA:26,12
DA:27,12
DA:28,12
DA:31,12
DA:34,12
DA:37,12
DA:49,12
DA:50,12
DA:51,12
DA:52,12
DA:53,12
DA:54,12
DA:55,12
DA:56,12
DA:65,9
DA:66,9
DA:68,9
DA:69,0
DA:70,0
DA:73,9
DA:74,9
DA:75,9
DA:76,9
DA:77,9
DA:80,9
DA:91,9
DA:92,9
DA:94,9
DA:95,9
DA:97,0
DA:98,0
DA:99,0
DA:106,6
DA:108,6
DA:109,0
DA:111,6
DA:112,1
DA:114,5
DA:115,5
DA:126,4
DA:127,4
DA:128,2
DA:130,2
DA:131,2
DA:140,4
DA:154,8
DA:157,7
DA:158,6
DA:162,1
DA:169,6
DA:170,1
DA:171,1
DA:174,5
DA:175,5
DA:181,5
DA:182,4
DA:183,4
DA:184,2
DA:189,5
DA:190,2
DA:195,5
DA:198,5
DA:199,4
DA:202,5
DA:204,0
DA:205,0
DA:213,1
DA:214,1
DA:215,1
DA:225,1
DA:226,0
DA:227,0
DA:229,1
DA:231,0
DA:232,0
DA:246,5
DA:247,1
DA:250,4
DA:261,1
DA:273,1
DA:274,1
DA:275,1
DA:276,1
DA:292,1
DA:293,1
DA:294,1
DA:298,1
DA:299,1
DA:300,1
DA:301,1
DA:305,1
DA:306,0
DA:314,1
DA:315,1
DA:317,1
DA:318,1
DA:322,1
DA:323,1
DA:327,1
DA:328,1
DA:331,1
DA:332,1
DA:333,1
DA:336,1
DA:337,1
DA:340,1
DA:343,1
DA:344,1
DA:349,1
DA:355,9
DA:357,9
DA:358,0
DA:359,0
DA:374,9
DA:375,0
DA:376,0
DA:390,9
DA:391,1
DA:392,1
DA:393,1
DA:394,1
DA:395,1
DA:396,1
DA:397,1
DA:410,0
DA:413,0
DA:417,9
DA:418,1
DA:419,1
DA:420,0
DA:421,0
DA:424,1
DA:425,1
DA:426,1
DA:440,0
DA:444,9
DA:445,1
DA:446,1
DA:447,0
DA:448,0
DA:451,1
DA:452,1
DA:453,1
DA:457,0
DA:461,9
DA:462,1
DA:463,1
DA:464,1
DA:465,1
DA:466,1
DA:467,1
DA:472,0
DA:475,0
DA:479,9
DA:480,1
DA:481,1
DA:482,1
DA:483,1
DA:484,1
DA:485,1
DA:490,0
DA:493,0
DA:497,9
DA:498,1
DA:499,1
DA:500,1
DA:501,1
DA:502,1
DA:503,1
DA:504,1
DA:508,0
DA:511,0
DA:514,0
DA:518,9
DA:519,1
DA:520,1
DA:521,8
DA:524,8
DA:529,1
DA:542,9
DA:544,9
DA:545,5
DA:547,5
DA:550,5
DA:551,1
DA:552,1
DA:553,1
DA:557,1
DA:562,0
DA:564,1
DA:567,4
DA:568,1
DA:569,1
DA:570,1
DA:574,1
DA:579,0
DA:581,1
DA:584,3
DA:585,1
DA:586,1
DA:587,1
DA:588,1
DA:592,1
DA:593,1
DA:599,0
DA:601,1
DA:604,2
DA:605,1
DA:606,1
DA:607,1
DA:608,1
DA:612,1
DA:613,0
DA:619,0
DA:621,1
DA:625,1
DA:626,1
DA:627,1
DA:628,1
DA:629,1
DA:634,8
DA:638,1
DA:639,1
DA:645,1
DA:648,0
DA:667,3
DA:668,3
DA:669,3
DA:670,3
DA:671,3
DA:672,3
DA:673,3
DA:674,3
DA:682,9
DA:689,2
DA:696,1
DA:703,1
DA:704,1
DA:705,1
DA:706,1
DA:708,0
LF:245
LH:206
BRDA:18,0,0,12
BRDA:18,0,1,2
BRDA:19,1,0,12
BRDA:19,1,1,2
BRDA:20,2,0,12
BRDA:20,2,1,11
BRDA:65,3,0,0
BRDA:65,3,1,9
BRDA:68,4,0,0
BRDA:68,4,1,9
BRDA:68,5,0,9
BRDA:68,5,1,9
BRDA:108,6,0,6
BRDA:108,6,1,3
BRDA:111,7,0,1
BRDA:111,7,1,5
BRDA:127,8,0,2
BRDA:127,8,1,2
BRDA:127,9,0,4
BRDA:127,9,1,2
BRDA:153,10,0,8
BRDA:154,11,0,1
BRDA:154,11,1,7
BRDA:154,12,0,8
BRDA:154,12,1,7
BRDA:157,13,0,6
BRDA:157,13,1,1
BRDA:157,14,0,7
BRDA:157,14,1,6
BRDA:168,15,0,6
BRDA:169,16,0,1
BRDA:169,16,1,5
BRDA:181,17,0,4
BRDA:181,17,1,1
BRDA:183,18,0,2
BRDA:183,18,1,2
BRDA:189,19,0,2
BRDA:189,19,1,3
BRDA:198,20,0,4
BRDA:198,20,1,1
BRDA:198,21,0,5
BRDA:198,21,1,4
BRDA:225,22,0,0
BRDA:225,22,1,1
BRDA:244,23,0,5
BRDA:246,24,0,1
BRDA:246,24,1,4
BRDA:246,25,0,5
BRDA:246,25,1,5
BRDA:273,26,0,1
BRDA:273,26,1,0
BRDA:274,27,0,1
BRDA:274,27,1,0
BRDA:275,28,0,1
BRDA:275,28,1,0
BRDA:291,29,0,1
BRDA:292,30,0,1
BRDA:292,30,1,0
BRDA:298,31,0,0
BRDA:298,31,1,1
BRDA:300,32,0,0
BRDA:300,32,1,1
BRDA:305,33,0,0
BRDA:305,33,1,1
BRDA:309,34,0,0
BRDA:309,34,1,0
BRDA:310,35,0,0
BRDA:310,35,1,0
BRDA:315,36,0,1
BRDA:315,36,1,0
BRDA:317,37,0,1
BRDA:317,37,1,0
BRDA:322,38,0,1
BRDA:322,38,1,0
BRDA:327,39,0,1
BRDA:327,39,1,0
BRDA:327,40,0,1
BRDA:327,40,1,0
BRDA:341,41,0,1
BRDA:341,41,1,0
BRDA:341,42,0,1
BRDA:341,42,1,0
BRDA:343,43,0,1
BRDA:343,43,1,0
BRDA:355,44,0,0
BRDA:355,44,1,9
BRDA:358,45,0,0
BRDA:358,45,1,0
BRDA:375,46,0,0
BRDA:375,46,1,0
BRDA:391,47,0,0
BRDA:391,47,1,1
BRDA:392,48,0,1
BRDA:392,48,1,0
BRDA:395,49,0,1
BRDA:395,49,1,0
BRDA:396,50,0,1
BRDA:396,50,1,0
BRDA:401,51,0,1
BRDA:401,51,1,0
BRDA:402,52,0,1
BRDA:402,52,1,0
BRDA:403,53,0,1
BRDA:403,53,1,0
BRDA:404,54,0,1
BRDA:404,54,1,0
BRDA:405,55,0,1
BRDA:405,55,1,0
BRDA:406,56,0,1
BRDA:406,56,1,0
BRDA:418,57,0,0
BRDA:418,57,1,1
BRDA:419,58,0,0
BRDA:419,58,1,1
BRDA:429,59,0,1
BRDA:429,59,1,0
BRDA:430,60,0,1
BRDA:430,60,1,0
BRDA:431,61,0,1
BRDA:431,61,1,0
BRDA:432,62,0,1
BRDA:432,62,1,0
BRDA:433,63,0,1
BRDA:433,63,1,0
BRDA:434,64,0,1
BRDA:434,64,1,0
BRDA:434,65,0,1
BRDA:434,65,1,0
BRDA:435,66,0,1
BRDA:435,66,1,0
BRDA:436,67,0,1
BRDA:436,67,1,0
BRDA:445,68,0,0
BRDA:445,68,1,1
BRDA:446,69,0,0
BRDA:446,69,1,1
BRDA:462,70,0,0
BRDA:462,70,1,1
BRDA:463,71,0,1
BRDA:463,71,1,0
BRDA:466,72,0,1
BRDA:466,72,1,0
BRDA:468,73,0,1
BRDA:468,73,1,0
BRDA:468,74,0,0
BRDA:468,74,1,0
BRDA:480,75,0,0
BRDA:480,75,1,1
BRDA:481,76,0,1
BRDA:481,76,1,0
BRDA:484,77,0,0
BRDA:484,77,1,1
BRDA:486,78,0,0
BRDA:486,78,1,1
BRDA:486,79,0,1
BRDA:486,79,1,0
BRDA:498,80,0,0
BRDA:498,80,1,1
BRDA:499,81,0,1
BRDA:499,81,1,0
BRDA:502,82,0,1
BRDA:502,82,1,0
BRDA:519,83,0,0
BRDA:519,83,1,1
BRDA:521,84,0,8
BRDA:521,84,1,0
BRDA:525,85,0,8
BRDA:525,85,1,0
BRDA:542,86,0,0
BRDA:542,86,1,9
BRDA:545,87,0,0
BRDA:545,87,1,5
BRDA:547,88,0,5
BRDA:547,88,1,0
BRDA:550,89,0,1
BRDA:550,89,1,4
BRDA:550,90,0,5
BRDA:550,90,1,1
BRDA:554,91,0,1
BRDA:554,91,1,0
BRDA:567,92,0,1
BRDA:567,92,1,3
BRDA:567,93,0,4
BRDA:567,93,1,1
BRDA:571,94,0,1
BRDA:571,94,1,0
BRDA:584,95,0,1
BRDA:584,95,1,2
BRDA:584,96,0,3
BRDA:584,96,1,1
BRDA:585,97,0,1
BRDA:585,97,1,0
BRDA:589,98,0,1
BRDA:589,98,1,0
BRDA:589,99,0,0
BRDA:589,99,1,0
BRDA:592,100,0,1
BRDA:592,100,1,0
BRDA:604,101,0,1
BRDA:604,101,1,1
BRDA:604,102,0,2
BRDA:604,102,1,1
BRDA:605,103,0,1
BRDA:605,103,1,0
BRDA:609,104,0,0
BRDA:609,104,1,1
BRDA:609,105,0,1
BRDA:609,105,1,0
BRDA:612,106,0,0
BRDA:612,106,1,1
BRDA:625,107,0,1
BRDA:625,107,1,0
BRDA:627,108,0,1
BRDA:627,108,1,0
BRDA:630,109,0,0
BRDA:630,109,1,1
BRDA:635,110,0,7
BRDA:635,110,1,1
BRDA:666,111,0,3
BRDA:667,112,0,2
BRDA:667,112,1,1
BRDA:668,113,0,2
BRDA:668,113,1,1
BRDA:669,114,0,1
BRDA:669,114,1,2
BRDA:670,115,0,1
BRDA:670,115,1,2
BRDA:671,116,0,1
BRDA:671,116,1,2
BRDA:672,117,0,1
BRDA:672,117,1,2
BRDA:673,118,0,1
BRDA:673,118,1,2
BRDA:674,119,0,1
BRDA:674,119,1,2
BRDA:689,120,0,2
BRDA:689,120,1,1
BRDA:703,121,0,1
BRDA:703,121,1,0
BRDA:703,122,0,1
BRDA:703,122,1,1
BRF:241
BRH:156
end_of_record
